
-----
Test: test_search_history.py::test_search_history (call)
Start time: 2025-03-12 20:50:19.219423
Start name method: enter_app
End time: 2025-03-12 20:50:29.301341
End name method: enter_app

-----

-----
Test: test_search_history.py::test_search_history (call)
Start time: 2025-03-12 20:50:29.302342
Start name method: find_by_name
End time: 2025-03-12 20:50:34.316720
End name method: find_by_name

-----

-----
Test: test_search_history.py::test_search_history (call)
Start time: 2025-03-12 20:50:34.316720
Start name method: various_searches
End time: 2025-03-12 20:51:10.938929
End name method: various_searches

-----

-----
Test: test_search_history.py::test_search_history (call)
Start time: 2025-03-12 20:51:11.267205
Start name method: compare_names
End time: 2025-03-12 20:51:11.268220
End name method: compare_names

-----

-----
Test: test_search_history.py::test_search_history (call)
Start time: 2025-03-12 20:51:11.268220
Start name method: compare_names
End time: 2025-03-12 20:51:11.268220
End name method: compare_names

-----

-----
Test: test_search_history.py::test_search_history (call)
Start time: 2025-03-12 20:51:11.268220
Start name method: compare_names
End time: 2025-03-12 20:51:11.268220
End name method: compare_names

-----
