
-----
Test: test_add_to_wishlist.py::test_wishlist (call)
Start time: 2025-03-12 20:42:41.504362
Start name method: enter_app
End time: 2025-03-12 20:42:52.616583
End name method: enter_app

-----

-----
Test: test_add_to_wishlist.py::test_wishlist (call)
Start time: 2025-03-12 20:42:52.616583
Start name method: choose_smartphones_category
End time: 2025-03-12 20:42:58.899413
End name method: choose_smartphones_category

-----

-----
Test: test_add_to_wishlist.py::test_wishlist (call)
Start time: 2025-03-12 20:42:58.899413
Start name method: enter_filters
End time: 2025-03-12 20:43:00.404109
End name method: enter_filters

-----

-----
Test: test_add_to_wishlist.py::test_wishlist (call)
Start time: 2025-03-12 20:43:00.404109
Start name method: set_filters
End time: 2025-03-12 20:43:31.811821
End name method: set_filters

-----

-----
Test: test_add_to_wishlist.py::test_wishlist (call)
Start time: 2025-03-12 20:43:31.811821
Start name method: get_names_fav_my_ozon
End time: 2025-03-12 20:43:35.167655
End name method: get_names_fav_my_ozon

-----

-----
Test: test_add_to_wishlist.py::test_wishlist (call)
Start time: 2025-03-12 20:43:35.167655
Start name method: enter_wishlist
End time: 2025-03-12 20:43:40.433292
End name method: enter_wishlist

-----

-----
Test: test_add_to_wishlist.py::test_wishlist (call)
Start time: 2025-03-12 20:43:42.340993
Start name method: compare_names
End time: 2025-03-12 20:43:42.340993
End name method: compare_names

-----

-----
Test: test_add_to_wishlist.py::test_wishlist (call)
Start time: 2025-03-12 20:43:42.340993
Start name method: compare_names
End time: 2025-03-12 20:43:42.340993
End name method: compare_names

-----

-----
Test: test_add_to_wishlist.py::test_wishlist (call)
Start time: 2025-03-12 20:43:42.341993
Start name method: clear_wishlist
End time: 2025-03-12 20:43:44.688051
End name method: clear_wishlist

-----

-----
Test: test_add_to_wishlist.py::test_wishlist (call)
Start time: 2025-03-12 20:43:48.843050
Start name method: compare_names
End time: 2025-03-12 20:43:48.843050
End name method: compare_names

-----
