
-----
Test: test_add_to_cart_and_delete.py::test_add_to_cart_and_delete (call)
Start time: 2025-03-12 20:41:29.764994
Start name method: enter_app
End time: 2025-03-12 20:41:39.832310
End name method: enter_app

-----

-----
Test: test_add_to_cart_and_delete.py::test_add_to_cart_and_delete (call)
Start time: 2025-03-12 20:41:39.832310
Start name method: choose_smartphones_category
End time: 2025-03-12 20:41:42.790857
End name method: choose_smartphones_category

-----

-----
Test: test_add_to_cart_and_delete.py::test_add_to_cart_and_delete (call)
Start time: 2025-03-12 20:41:45.106261
Start name method: add_to_cart_and_enter
End time: 2025-03-12 20:41:48.376904
End name method: add_to_cart_and_enter

-----

-----
Test: test_add_to_cart_and_delete.py::test_add_to_cart_and_delete (call)
Start time: 2025-03-12 20:41:48.376904
Start name method: get_names
End time: 2025-03-12 20:41:51.846932
End name method: get_names

-----

-----
Test: test_add_to_cart_and_delete.py::test_add_to_cart_and_delete (call)
Start time: 2025-03-12 20:41:52.741774
Start name method: compare_names
End time: 2025-03-12 20:41:52.741774
End name method: compare_names

-----

-----
Test: test_add_to_cart_and_delete.py::test_add_to_cart_and_delete (call)
Start time: 2025-03-12 20:41:52.741774
Start name method: compare_names
End time: 2025-03-12 20:41:52.742813
End name method: compare_names

-----

-----
Test: test_add_to_cart_and_delete.py::test_add_to_cart_and_delete (call)
Start time: 2025-03-12 20:41:52.742813
Start name method: clear_cart
End time: 2025-03-12 20:42:05.781444
End name method: clear_cart

-----

-----
Test: test_add_to_cart_and_delete.py::test_add_to_cart_and_delete (call)
Start time: 2025-03-12 20:42:05.910135
Start name method: compare_names
End time: 2025-03-12 20:42:05.910135
End name method: compare_names

-----
